[[32mINFO [m] 2025-08-28 12:52:38,614 Version.<clinit>() -
            HV000001: Hibernate Validator 8.0.2.Final
[[32mINFO [m] 2025-08-28 12:52:38,697 DemoApplication.logStarting() -
            Starting DemoApplication using Java 17.0.7 with PID 26126 (/home/zeta/Development/Java/api-client/target/classes started by zeta in /home/zeta/Development/Java/api-client)
[[32mINFO [m] 2025-08-28 12:52:38,716 DemoApplication.logStartupProfileInfo() -
            The following 1 profile is active: "dev"
[[32mINFO [m] 2025-08-28 12:52:41,320 RepositoryConfigurationDelegate.registerRepositoriesIn() -
            Bootstrapping Spring Data JPA repositories in DEFAULT mode.
[[32mINFO [m] 2025-08-28 12:52:41,425 RepositoryConfigurationDelegate.registerRepositoriesIn() -
            Finished Spring Data repository scanning in 82 ms. Found 1 JPA repository interface.
[[32mINFO [m] 2025-08-28 12:52:42,580 TomcatWebServer.initialize() -
            Tomcat initialized with port 8080 (http)
[[32mINFO [m] 2025-08-28 12:52:42,615 Http11NioProtocol.log() -
            Initializing ProtocolHandler ["http-nio-8080"]
[[32mINFO [m] 2025-08-28 12:52:42,623 StandardService.log() -
            Starting service [Tomcat]
[[32mINFO [m] 2025-08-28 12:52:42,626 StandardEngine.log() -
            Starting Servlet engine: [Apache Tomcat/10.1.42]
[[32mINFO [m] 2025-08-28 12:52:42,723 [/].log() -
            Initializing Spring embedded WebApplicationContext
[[32mINFO [m] 2025-08-28 12:52:42,728 ServletWebServerApplicationContext.prepareWebApplicationContext() -
            Root WebApplicationContext: initialization completed in 3878 ms
[[32mINFO [m] 2025-08-28 12:52:43,066 LogHelper.logPersistenceUnitInformation() -
            HHH000204: Processing PersistenceUnitInfo [name: default]
[[32mINFO [m] 2025-08-28 12:52:43,146 Version.logVersion() -
            HHH000412: Hibernate ORM core version 6.6.18.Final
[[32mINFO [m] 2025-08-28 12:52:43,204 RegionFactoryInitiator.initiateService() -
            HHH000026: Second-level cache disabled
[[32mINFO [m] 2025-08-28 12:52:43,679 SpringPersistenceUnitInfo.addTransformer() -
            No LoadTimeWeaver setup: ignoring JPA class transformer
[[32mINFO [m] 2025-08-28 12:52:43,733 HikariDataSource.getConnection() -
            HikariPool-1 - Starting...
[[32mINFO [m] 2025-08-28 12:52:44,020 HikariPool.checkFailFast() -
            HikariPool-1 - Added connection conn0: url=jdbc:h2:mem:testdb user=SA
[[32mINFO [m] 2025-08-28 12:52:44,023 HikariDataSource.getConnection() -
            HikariPool-1 - Start completed.
[[33mWARN [m] 2025-08-28 12:52:44,064 deprecation.constructDialect() -
            HHH90000025: H2Dialect does not need to be specified explicitly using 'hibernate.dialect' (remove the property setting and it will be selected by default)
[[32mINFO [m] 2025-08-28 12:52:44,106 pooling.logConnectionInfo() -
            HHH10001005: Database info:
	Database JDBC URL [Connecting through datasource 'HikariDataSource (HikariPool-1)']
	Database driver: undefined/unknown
	Database version: 2.3.232
	Autocommit mode: undefined/unknown
	Isolation level: undefined/unknown
	Minimum pool size: undefined/unknown
	Maximum pool size: undefined/unknown
[[32mINFO [m] 2025-08-28 12:52:45,298 JtaPlatformInitiator.initiateService() -
            HHH000489: No JTA platform available (set 'hibernate.transaction.jta.platform' to enable JTA platform integration)
[[32mINFO [m] 2025-08-28 12:52:45,379 LocalContainerEntityManagerFactoryBean.buildNativeEntityManagerFactory() -
            Initialized JPA EntityManagerFactory for persistence unit 'default'
[[32mINFO [m] 2025-08-28 12:52:45,712 QueryEnhancerFactory.<clinit>() -
            Hibernate is in classpath; If applicable, HQL parser will be used.
[[33mWARN [m] 2025-08-28 12:52:47,834 JpaBaseConfiguration$JpaWebConfiguration.openEntityManagerInViewInterceptor() -
            spring.jpa.open-in-view is enabled by default. Therefore, database queries may be performed during view rendering. Explicitly configure spring.jpa.open-in-view to disable this warning
[[33mWARN [m] 2025-08-28 12:52:48,229 UserDetailsServiceAutoConfiguration.getOrDeducePassword() -
            

Using generated security password: ff778dec-226d-4c72-8887-90d17266ca70

This generated password is for development use only. Your security configuration must be updated before running your application in production.

[[32mINFO [m] 2025-08-28 12:52:48,242 InitializeUserDetailsBeanManagerConfigurer$InitializeUserDetailsManagerConfigurer.configure() -
            Global AuthenticationManager configured with UserDetailsService bean with name inMemoryUserDetailsManager
[[33mWARN [m] 2025-08-28 12:52:48,405 WebSecurity.performBuild() -
            You are asking Spring Security to ignore Deferred [Mvc [pattern='/swagger-ui/**'], Ant [pattern='/swagger-ui/**']]. This is not recommended -- please use permitAll via HttpSecurity#authorizeHttpRequests instead.
[[33mWARN [m] 2025-08-28 12:52:48,406 WebSecurity.performBuild() -
            You are asking Spring Security to ignore Deferred [Mvc [pattern='/v3/api-docs*/**'], Ant [pattern='/v3/api-docs*/**']]. This is not recommended -- please use permitAll via HttpSecurity#authorizeHttpRequests instead.
[[33mWARN [m] 2025-08-28 12:52:48,407 WebSecurity.performBuild() -
            You are asking Spring Security to ignore Deferred [Mvc [pattern='/api-docs*'], Ant [pattern='/api-docs*']]. This is not recommended -- please use permitAll via HttpSecurity#authorizeHttpRequests instead.
[[32mINFO [m] 2025-08-28 12:52:48,857 H2ConsoleAutoConfiguration.log() -
            H2 console available at '/h2-console'. Database available at 'jdbc:h2:mem:testdb'
[[32mINFO [m] 2025-08-28 12:52:48,997 Http11NioProtocol.log() -
            Starting ProtocolHandler ["http-nio-8080"]
[[32mINFO [m] 2025-08-28 12:52:49,022 TomcatWebServer.start() -
            Tomcat started on port 8080 (http) with context path '/'
[[32mINFO [m] 2025-08-28 12:52:49,046 DemoApplication.logStarted() -
            Started DemoApplication in 11.495 seconds (process running for 12.849)
[[32mINFO [m] 2025-08-28 12:56:36,744 GracefulShutdown.shutDownGracefully() -
            Commencing graceful shutdown. Waiting for active requests to complete
[[32mINFO [m] 2025-08-28 12:56:36,757 GracefulShutdown.doShutdown() -
            Graceful shutdown complete
[[32mINFO [m] 2025-08-28 12:56:36,780 LocalContainerEntityManagerFactoryBean.destroy() -
            Closing JPA EntityManagerFactory for persistence unit 'default'
[[32mINFO [m] 2025-08-28 12:56:36,790 HikariDataSource.close() -
            HikariPool-1 - Shutdown initiated...
[[32mINFO [m] 2025-08-28 12:56:36,800 HikariDataSource.close() -
            HikariPool-1 - Shutdown completed.
